<?xml version="1.0" encoding="UTF-8"?>
<coverage generated="1761018533322" clover="3.2.0">
  <project timestamp="1761018533322" name="All files">
    <metrics statements="70" coveredstatements="49" conditionals="23" coveredconditionals="19" methods="12" coveredmethods="10" elements="105" coveredelements="78" complexity="0" loc="70" ncloc="70" packages="1" files="1" classes="1"/>
    <file name="index.ts" path="/home/maxko/dev/X-post-GTP/src/index.ts">
      <metrics statements="70" coveredstatements="49" conditionals="23" coveredconditionals="19" methods="12" coveredmethods="10"/>
      <line num="1" count="1" type="stmt"/>
      <line num="2" count="1" type="stmt"/>
      <line num="5" count="1" type="stmt"/>
      <line num="25" count="7" type="stmt"/>
      <line num="26" count="7" type="cond" truecount="1" falsecount="0"/>
      <line num="27" count="1" type="stmt"/>
      <line num="30" count="6" type="stmt"/>
      <line num="39" count="6" type="cond" truecount="3" falsecount="0"/>
      <line num="41" count="6" type="stmt"/>
      <line num="43" count="6" type="stmt"/>
      <line num="44" count="6" type="stmt"/>
      <line num="57" count="6" type="stmt"/>
      <line num="58" count="6" type="cond" truecount="0" falsecount="1"/>
      <line num="59" count="0" type="stmt"/>
      <line num="62" count="6" type="stmt"/>
      <line num="63" count="6" type="stmt"/>
      <line num="64" count="6" type="stmt"/>
      <line num="67" count="6" type="cond" truecount="2" falsecount="0"/>
      <line num="71" count="6" type="stmt"/>
      <line num="78" count="0" type="stmt"/>
      <line num="79" count="0" type="stmt"/>
      <line num="90" count="1" type="stmt"/>
      <line num="92" count="1" type="stmt"/>
      <line num="93" count="2" type="stmt"/>
      <line num="98" count="2" type="stmt"/>
      <line num="101" count="1" type="stmt"/>
      <line num="105" count="6" type="stmt"/>
      <line num="111" count="6" type="cond" truecount="2" falsecount="0"/>
      <line num="113" count="6" type="stmt"/>
      <line num="131" count="6" type="stmt"/>
      <line num="133" count="6" type="stmt"/>
      <line num="135" count="6" type="stmt"/>
      <line num="136" count="6" type="cond" truecount="2" falsecount="0"/>
      <line num="137" count="6" type="stmt"/>
      <line num="140" count="6" type="stmt"/>
      <line num="141" count="4" type="stmt"/>
      <line num="142" count="4" type="cond" truecount="1" falsecount="0"/>
      <line num="143" count="4" type="stmt"/>
      <line num="148" count="6" type="stmt"/>
      <line num="149" count="6" type="stmt"/>
      <line num="152" count="6" type="stmt"/>
      <line num="156" count="6" type="stmt"/>
      <line num="159" count="6" type="stmt"/>
      <line num="160" count="6" type="stmt"/>
      <line num="161" count="8" type="cond" truecount="2" falsecount="0"/>
      <line num="166" count="6" type="cond" truecount="3" falsecount="0"/>
      <line num="167" count="4" type="stmt"/>
      <line num="169" count="6" type="cond" truecount="3" falsecount="0"/>
      <line num="170" count="1" type="stmt"/>
      <line num="173" count="6" type="stmt"/>
      <line num="179" count="0" type="stmt"/>
      <line num="182" count="0" type="cond" truecount="0" falsecount="1"/>
      <line num="183" count="0" type="stmt"/>
      <line num="184" count="0" type="stmt"/>
      <line num="185" count="0" type="stmt"/>
      <line num="188" count="0" type="stmt"/>
      <line num="189" count="0" type="stmt"/>
      <line num="191" count="0" type="stmt"/>
      <line num="192" count="0" type="stmt"/>
      <line num="193" count="0" type="stmt"/>
      <line num="200" count="0" type="stmt"/>
      <line num="201" count="0" type="stmt"/>
      <line num="202" count="0" type="stmt"/>
      <line num="203" count="0" type="stmt"/>
      <line num="204" count="0" type="stmt"/>
      <line num="207" count="0" type="stmt"/>
      <line num="208" count="0" type="stmt"/>
      <line num="213" count="1" type="stmt"/>
      <line num="216" count="1" type="cond" truecount="0" falsecount="1"/>
      <line num="217" count="0" type="stmt"/>
    </file>
  </project>
</coverage>
