{"/home/maxko/dev/X-post-GTP/src/index.ts": {"path":"/home/maxko/dev/X-post-GTP/src/index.ts","statementMap":{"0":{"start":{"line":1,"column":0},"end":{"line":1,"column":46}},"1":{"start":{"line":2,"column":0},"end":{"line":2,"column":33}},"2":{"start":{"line":5,"column":0},"end":{"line":5,"column":16}},"3":{"start":{"line":25,"column":19},"end":{"line":25,"column":48}},"4":{"start":{"line":26,"column":4},"end":{"line":28,"column":5}},"5":{"start":{"line":27,"column":6},"end":{"line":27,"column":76}},"6":{"start":{"line":30,"column":4},"end":{"line":32,"column":7}},"7":{"start":{"line":39,"column":71},"end":{"line":39,"column":78}},"8":{"start":{"line":41,"column":19},"end":{"line":41,"column":69}},"9":{"start":{"line":43,"column":4},"end":{"line":80,"column":5}},"10":{"start":{"line":44,"column":23},"end":{"line":55,"column":8}},"11":{"start":{"line":57,"column":31},"end":{"line":57,"column":50}},"12":{"start":{"line":58,"column":6},"end":{"line":60,"column":7}},"13":{"start":{"line":59,"column":8},"end":{"line":59,"column":64}},"14":{"start":{"line":62,"column":22},"end":{"line":62,"column":50}},"15":{"start":{"line":63,"column":23},"end":{"line":63,"column":72}},"16":{"start":{"line":64,"column":29},"end":{"line":64,"column":43}},"17":{"start":{"line":67,"column":27},"end":{"line":69,"column":17}},"18":{"start":{"line":71,"column":6},"end":{"line":76,"column":8}},"19":{"start":{"line":78,"column":6},"end":{"line":78,"column":53}},"20":{"start":{"line":79,"column":6},"end":{"line":79,"column":49}},"21":{"start":{"line":90,"column":35},"end":{"line":90,"column":37}},"22":{"start":{"line":92,"column":4},"end":{"line":99,"column":5}},"23":{"start":{"line":92,"column":17},"end":{"line":92,"column":18}},"24":{"start":{"line":93,"column":19},"end":{"line":97,"column":8}},"25":{"start":{"line":98,"column":6},"end":{"line":98,"column":23}},"26":{"start":{"line":101,"column":4},"end":{"line":101,"column":17}},"27":{"start":{"line":105,"column":29},"end":{"line":109,"column":6}},"28":{"start":{"line":111,"column":25},"end":{"line":111,"column":83}},"29":{"start":{"line":113,"column":4},"end":{"line":127,"column":17}},"30":{"start":{"line":131,"column":31},"end":{"line":131,"column":33}},"31":{"start":{"line":133,"column":4},"end":{"line":133,"column":71}},"32":{"start":{"line":135,"column":25},"end":{"line":135,"column":35}},"33":{"start":{"line":136,"column":29},"end":{"line":136,"column":62}},"34":{"start":{"line":137,"column":4},"end":{"line":137,"column":68}},"35":{"start":{"line":137,"column":49},"end":{"line":137,"column":65}},"36":{"start":{"line":140,"column":4},"end":{"line":145,"column":7}},"37":{"start":{"line":141,"column":22},"end":{"line":141,"column":63}},"38":{"start":{"line":142,"column":6},"end":{"line":144,"column":7}},"39":{"start":{"line":143,"column":8},"end":{"line":143,"column":31}},"40":{"start":{"line":148,"column":31},"end":{"line":148,"column":69}},"41":{"start":{"line":149,"column":4},"end":{"line":149,"column":80}},"42":{"start":{"line":149,"column":54},"end":{"line":149,"column":77}},"43":{"start":{"line":152,"column":4},"end":{"line":152,"column":32}},"44":{"start":{"line":156,"column":31},"end":{"line":156,"column":33}},"45":{"start":{"line":159,"column":18},"end":{"line":159,"column":52}},"46":{"start":{"line":160,"column":26},"end":{"line":162,"column":null}},"47":{"start":{"line":161,"column":6},"end":{"line":162,"column":70}},"48":{"start":{"line":166,"column":4},"end":{"line":168,"column":5}},"49":{"start":{"line":167,"column":6},"end":{"line":167,"column":26}},"50":{"start":{"line":169,"column":4},"end":{"line":171,"column":5}},"51":{"start":{"line":170,"column":6},"end":{"line":170,"column":31}},"52":{"start":{"line":173,"column":4},"end":{"line":173,"column":32}},"53":{"start":{"line":213,"column":9},"end":{"line":213,"column":23}},"54":{"start":{"line":179,"column":20},"end":{"line":179,"column":40}},"55":{"start":{"line":182,"column":2},"end":{"line":186,"column":3}},"56":{"start":{"line":183,"column":4},"end":{"line":183,"column":62}},"57":{"start":{"line":184,"column":4},"end":{"line":184,"column":62}},"58":{"start":{"line":185,"column":4},"end":{"line":185,"column":20}},"59":{"start":{"line":188,"column":16},"end":{"line":188,"column":31}},"60":{"start":{"line":189,"column":19},"end":{"line":189,"column":40}},"61":{"start":{"line":191,"column":2},"end":{"line":209,"column":3}},"62":{"start":{"line":192,"column":4},"end":{"line":192,"column":33}},"63":{"start":{"line":193,"column":17},"end":{"line":198,"column":6}},"64":{"start":{"line":200,"column":4},"end":{"line":200,"column":33}},"65":{"start":{"line":201,"column":4},"end":{"line":201,"column":30}},"66":{"start":{"line":202,"column":4},"end":{"line":202,"column":82}},"67":{"start":{"line":202,"column":58},"end":{"line":202,"column":67}},"68":{"start":{"line":203,"column":4},"end":{"line":203,"column":54}},"69":{"start":{"line":204,"column":4},"end":{"line":204,"column":40}},"70":{"start":{"line":207,"column":4},"end":{"line":207,"column":40}},"71":{"start":{"line":208,"column":4},"end":{"line":208,"column":20}},"72":{"start":{"line":216,"column":0},"end":{"line":218,"column":1}},"73":{"start":{"line":217,"column":2},"end":{"line":217,"column":9}}},"fnMap":{"0":{"name":"(anonymous_9)","decl":{"start":{"line":24,"column":2},"end":{"line":24,"column":null}},"loc":{"start":{"line":24,"column":2},"end":{"line":33,"column":3}}},"1":{"name":"(anonymous_10)","decl":{"start":{"line":38,"column":2},"end":{"line":38,"column":7}},"loc":{"start":{"line":38,"column":51},"end":{"line":81,"column":3}}},"2":{"name":"(anonymous_11)","decl":{"start":{"line":86,"column":2},"end":{"line":86,"column":7}},"loc":{"start":{"line":88,"column":21},"end":{"line":102,"column":3}}},"3":{"name":"(anonymous_12)","decl":{"start":{"line":104,"column":10},"end":{"line":104,"column":21}},"loc":{"start":{"line":104,"column":88},"end":{"line":128,"column":3}}},"4":{"name":"(anonymous_13)","decl":{"start":{"line":130,"column":10},"end":{"line":130,"column":35}},"loc":{"start":{"line":130,"column":71},"end":{"line":153,"column":3}}},"5":{"name":"(anonymous_14)","decl":{"start":{"line":137,"column":42},"end":{"line":137,"column":45}},"loc":{"start":{"line":137,"column":49},"end":{"line":137,"column":65}}},"6":{"name":"(anonymous_15)","decl":{"start":{"line":140,"column":21},"end":{"line":140,"column":28}},"loc":{"start":{"line":140,"column":31},"end":{"line":145,"column":5}}},"7":{"name":"(anonymous_16)","decl":{"start":{"line":149,"column":47},"end":{"line":149,"column":50}},"loc":{"start":{"line":149,"column":54},"end":{"line":149,"column":77}}},"8":{"name":"(anonymous_17)","decl":{"start":{"line":155,"column":10},"end":{"line":155,"column":34}},"loc":{"start":{"line":155,"column":50},"end":{"line":174,"column":3}}},"9":{"name":"(anonymous_18)","decl":{"start":{"line":160,"column":39},"end":{"line":160,"column":43}},"loc":{"start":{"line":161,"column":6},"end":{"line":162,"column":70}}},"10":{"name":"main","decl":{"start":{"line":178,"column":15},"end":{"line":178,"column":19}},"loc":{"start":{"line":178,"column":19},"end":{"line":210,"column":1}}},"11":{"name":"(anonymous_20)","decl":{"start":{"line":202,"column":51},"end":{"line":202,"column":54}},"loc":{"start":{"line":202,"column":58},"end":{"line":202,"column":67}}}},"branchMap":{"0":{"loc":{"start":{"line":26,"column":4},"end":{"line":28,"column":5}},"type":"if","locations":[{"start":{"line":26,"column":4},"end":{"line":28,"column":5}}]},"1":{"loc":{"start":{"line":39,"column":19},"end":{"line":39,"column":32}},"type":"default-arg","locations":[{"start":{"line":39,"column":30},"end":{"line":39,"column":32}}]},"2":{"loc":{"start":{"line":39,"column":34},"end":{"line":39,"column":49}},"type":"default-arg","locations":[{"start":{"line":39,"column":41},"end":{"line":39,"column":49}}]},"3":{"loc":{"start":{"line":39,"column":51},"end":{"line":39,"column":66}},"type":"default-arg","locations":[{"start":{"line":39,"column":63},"end":{"line":39,"column":66}}]},"4":{"loc":{"start":{"line":58,"column":6},"end":{"line":60,"column":7}},"type":"if","locations":[{"start":{"line":58,"column":6},"end":{"line":60,"column":7}}]},"5":{"loc":{"start":{"line":67,"column":27},"end":{"line":69,"column":17}},"type":"cond-expr","locations":[{"start":{"line":68,"column":10},"end":{"line":68,"column":53}},{"start":{"line":69,"column":10},"end":{"line":69,"column":17}}]},"6":{"loc":{"start":{"line":88,"column":4},"end":{"line":88,"column":21}},"type":"default-arg","locations":[{"start":{"line":88,"column":20},"end":{"line":88,"column":21}}]},"7":{"loc":{"start":{"line":111,"column":25},"end":{"line":111,"column":83}},"type":"cond-expr","locations":[{"start":{"line":111,"column":47},"end":{"line":111,"column":78}},{"start":{"line":111,"column":81},"end":{"line":111,"column":83}}]},"8":{"loc":{"start":{"line":136,"column":29},"end":{"line":136,"column":62}},"type":"binary-expr","locations":[{"start":{"line":136,"column":29},"end":{"line":136,"column":56}},{"start":{"line":136,"column":60},"end":{"line":136,"column":62}}]},"9":{"loc":{"start":{"line":142,"column":6},"end":{"line":144,"column":7}},"type":"if","locations":[{"start":{"line":142,"column":6},"end":{"line":144,"column":7}}]},"10":{"loc":{"start":{"line":161,"column":6},"end":{"line":162,"column":70}},"type":"binary-expr","locations":[{"start":{"line":161,"column":6},"end":{"line":161,"column":21}},{"start":{"line":162,"column":6},"end":{"line":162,"column":70}}]},"11":{"loc":{"start":{"line":166,"column":4},"end":{"line":168,"column":5}},"type":"if","locations":[{"start":{"line":166,"column":4},"end":{"line":168,"column":5}}]},"12":{"loc":{"start":{"line":166,"column":8},"end":{"line":166,"column":58}},"type":"binary-expr","locations":[{"start":{"line":166,"column":8},"end":{"line":166,"column":30}},{"start":{"line":166,"column":34},"end":{"line":166,"column":58}}]},"13":{"loc":{"start":{"line":169,"column":4},"end":{"line":171,"column":5}},"type":"if","locations":[{"start":{"line":169,"column":4},"end":{"line":171,"column":5}}]},"14":{"loc":{"start":{"line":169,"column":8},"end":{"line":169,"column":61}},"type":"binary-expr","locations":[{"start":{"line":169,"column":8},"end":{"line":169,"column":30}},{"start":{"line":169,"column":34},"end":{"line":169,"column":61}}]},"15":{"loc":{"start":{"line":182,"column":2},"end":{"line":186,"column":3}},"type":"if","locations":[{"start":{"line":182,"column":2},"end":{"line":186,"column":3}}]},"16":{"loc":{"start":{"line":216,"column":0},"end":{"line":218,"column":1}},"type":"if","locations":[{"start":{"line":216,"column":0},"end":{"line":218,"column":1}}]}},"s":{"0":1,"1":1,"2":1,"3":7,"4":7,"5":1,"6":6,"7":6,"8":6,"9":6,"10":6,"11":6,"12":6,"13":0,"14":6,"15":6,"16":6,"17":6,"18":6,"19":0,"20":0,"21":1,"22":1,"23":1,"24":2,"25":2,"26":1,"27":6,"28":6,"29":6,"30":6,"31":6,"32":6,"33":6,"34":6,"35":2,"36":6,"37":4,"38":4,"39":4,"40":6,"41":6,"42":5,"43":6,"44":6,"45":6,"46":6,"47":8,"48":6,"49":4,"50":6,"51":1,"52":6,"53":1,"54":0,"55":0,"56":0,"57":0,"58":0,"59":0,"60":0,"61":0,"62":0,"63":0,"64":0,"65":0,"66":0,"67":0,"68":0,"69":0,"70":0,"71":0,"72":1,"73":0},"f":{"0":7,"1":6,"2":1,"3":6,"4":6,"5":2,"6":4,"7":5,"8":6,"9":8,"10":0,"11":0},"b":{"0":[1],"1":[3],"2":[5],"3":[4],"4":[0],"5":[1,5],"6":[0],"7":[3,3],"8":[6,5],"9":[4],"10":[8,8],"11":[4],"12":[6,2],"13":[1],"14":[6,5],"15":[0],"16":[0]}}
}
