TN:
SF:src/index.ts
FN:24,(anonymous_9)
FN:38,(anonymous_10)
FN:86,(anonymous_11)
FN:104,(anonymous_12)
FN:130,(anonymous_13)
FN:137,(anonymous_14)
FN:140,(anonymous_15)
FN:149,(anonymous_16)
FN:155,(anonymous_17)
FN:160,(anonymous_18)
FN:178,main
FN:202,(anonymous_20)
FNF:12
FNH:10
FNDA:7,(anonymous_9)
FNDA:6,(anonymous_10)
FNDA:1,(anonymous_11)
FNDA:6,(anonymous_12)
FNDA:6,(anonymous_13)
FNDA:2,(anonymous_14)
FNDA:4,(anonymous_15)
FNDA:5,(anonymous_16)
FNDA:6,(anonymous_17)
FNDA:8,(anonymous_18)
FNDA:0,main
FNDA:0,(anonymous_20)
DA:1,1
DA:2,1
DA:5,1
DA:25,7
DA:26,7
DA:27,1
DA:30,6
DA:39,6
DA:41,6
DA:43,6
DA:44,6
DA:57,6
DA:58,6
DA:59,0
DA:62,6
DA:63,6
DA:64,6
DA:67,6
DA:71,6
DA:78,0
DA:79,0
DA:90,1
DA:92,1
DA:93,2
DA:98,2
DA:101,1
DA:105,6
DA:111,6
DA:113,6
DA:131,6
DA:133,6
DA:135,6
DA:136,6
DA:137,6
DA:140,6
DA:141,4
DA:142,4
DA:143,4
DA:148,6
DA:149,6
DA:152,6
DA:156,6
DA:159,6
DA:160,6
DA:161,8
DA:166,6
DA:167,4
DA:169,6
DA:170,1
DA:173,6
DA:179,0
DA:182,0
DA:183,0
DA:184,0
DA:185,0
DA:188,0
DA:189,0
DA:191,0
DA:192,0
DA:193,0
DA:200,0
DA:201,0
DA:202,0
DA:203,0
DA:204,0
DA:207,0
DA:208,0
DA:213,1
DA:216,1
DA:217,0
LF:70
LH:49
BRDA:26,0,0,1
BRDA:39,1,0,3
BRDA:39,2,0,5
BRDA:39,3,0,4
BRDA:58,4,0,0
BRDA:67,5,0,1
BRDA:67,5,1,5
BRDA:88,6,0,0
BRDA:111,7,0,3
BRDA:111,7,1,3
BRDA:136,8,0,6
BRDA:136,8,1,5
BRDA:142,9,0,4
BRDA:161,10,0,8
BRDA:161,10,1,8
BRDA:166,11,0,4
BRDA:166,12,0,6
BRDA:166,12,1,2
BRDA:169,13,0,1
BRDA:169,14,0,6
BRDA:169,14,1,5
BRDA:182,15,0,0
BRDA:216,16,0,0
BRF:23
BRH:19
end_of_record
